/home/rahul/Desktop/ROS-6S/install/drone_landing/lib/python3.10/site-packages/drone_landing/platform_mover.py
/home/rahul/Desktop/ROS-6S/install/drone_landing/lib/python3.10/site-packages/drone_landing/state_estimator.py
/home/rahul/Desktop/ROS-6S/install/drone_landing/lib/python3.10/site-packages/drone_landing/__init__.py
/home/rahul/Desktop/ROS-6S/install/drone_landing/lib/python3.10/site-packages/drone_landing/landing_controller.py
/home/rahul/Desktop/ROS-6S/install/drone_landing/lib/python3.10/site-packages/drone_landing/__pycache__/platform_mover.cpython-310.pyc
/home/rahul/Desktop/ROS-6S/install/drone_landing/lib/python3.10/site-packages/drone_landing/__pycache__/state_estimator.cpython-310.pyc
/home/rahul/Desktop/ROS-6S/install/drone_landing/lib/python3.10/site-packages/drone_landing/__pycache__/__init__.cpython-310.pyc
/home/rahul/Desktop/ROS-6S/install/drone_landing/lib/python3.10/site-packages/drone_landing/__pycache__/landing_controller.cpython-310.pyc
/home/rahul/Desktop/ROS-6S/install/drone_landing/share/ament_index/resource_index/packages/drone_landing
/home/rahul/Desktop/ROS-6S/install/drone_landing/share/drone_landing/package.xml
/home/rahul/Desktop/ROS-6S/install/drone_landing/share/drone_landing/launch/simulation_launch.py
/home/rahul/Desktop/ROS-6S/install/drone_landing/share/drone_landing/worlds/landing.world
/home/rahul/Desktop/ROS-6S/install/drone_landing/share/drone_landing/models/quadrotor/model.config
/home/rahul/Desktop/ROS-6S/install/drone_landing/share/drone_landing/models/quadrotor/model.sdf
/home/rahul/Desktop/ROS-6S/install/drone_landing/share/drone_landing/models/landing_platform/model.config
/home/rahul/Desktop/ROS-6S/install/drone_landing/share/drone_landing/models/landing_platform/model.sdf
/home/rahul/Desktop/ROS-6S/install/drone_landing/share/drone_landing/rviz/config.rviz
/home/rahul/Desktop/ROS-6S/install/drone_landing/share/drone_landing/config/params.yaml
/home/rahul/Desktop/ROS-6S/install/drone_landing/lib/python3.10/site-packages/drone_landing-1.0.0-py3.10.egg-info/top_level.txt
/home/rahul/Desktop/ROS-6S/install/drone_landing/lib/python3.10/site-packages/drone_landing-1.0.0-py3.10.egg-info/zip-safe
/home/rahul/Desktop/ROS-6S/install/drone_landing/lib/python3.10/site-packages/drone_landing-1.0.0-py3.10.egg-info/dependency_links.txt
/home/rahul/Desktop/ROS-6S/install/drone_landing/lib/python3.10/site-packages/drone_landing-1.0.0-py3.10.egg-info/SOURCES.txt
/home/rahul/Desktop/ROS-6S/install/drone_landing/lib/python3.10/site-packages/drone_landing-1.0.0-py3.10.egg-info/entry_points.txt
/home/rahul/Desktop/ROS-6S/install/drone_landing/lib/python3.10/site-packages/drone_landing-1.0.0-py3.10.egg-info/PKG-INFO
/home/rahul/Desktop/ROS-6S/install/drone_landing/lib/python3.10/site-packages/drone_landing-1.0.0-py3.10.egg-info/requires.txt
/home/rahul/Desktop/ROS-6S/install/drone_landing/lib/drone_landing/landing_controller
/home/rahul/Desktop/ROS-6S/install/drone_landing/lib/drone_landing/platform_mover
/home/rahul/Desktop/ROS-6S/install/drone_landing/lib/drone_landing/state_estimator
